Exception at PC 0x00007FFFA040BB93
Printing stacktrace...

Unable to capture context for thread 12968 in process 11176, can not generate back trace
Exception at PC 0x00007FF87128FE4C
Exception at PC 0x00007FF87128FE4C
Exception at PC 0x00007FF87128FE4C
Exception at PC 0x00007FF87128FE4C
Exception at PC 0x00007FF87128FE4C
[0]  [0x00007FFFA040BB93]
[1]  [0x00007FFFA040BB93]
[2]  [0x00007FFFA040B4A1]
[3]  [0x00007FFFA040B459]
[4]  [0x00007FFFA03F19FE]
[5]  [0x00007FFFA03F0ED1]
[6]  [0x00007FFFA03F0D76]
[7]  [0x00007FFFA03979F6]
[8]  [0x00007FFFA0387AFB]
[9]  [0x00007FFFA04AE90A]
[10]  [0x00007FFFA04C9F87]
[11]  [0x00007FFFA04CA05F]
[12] (BaseThreadInitThunk+0x1d) [0x00007FF872D3257D]
[13] (RtlUserThreadStart+0x28) [0x00007FF87394AF08]
Done
Exception at PC 0x00007FF87128FE4C
Exception at PC 0x00007FF87128FE4C
Exception at PC 0x00007FF87128FE4C
Exception at PC 0x00007FF87128FE4C
Exception at PC 0x00007FF87128FE4C
Exception at PC 0x00007FF87128FE4C
Exception at PC 0x00007FF87128FE4C
Exception at PC 0x00007FF87128FE4C
Exception at PC 0x00007FF87128FE4C
Exception at PC 0x00007FF87128FE4C
Exception at PC 0x00007FF87128FE4C
Exception at PC 0x00007FF87128FE4C
Exception at PC 0x00007FF87128FE4C
Exception at PC 0x00007FFFA0111A52
Attemped to write at address 0x00007FFFE44D9BA4
Printing stacktrace...

[0]  [0x00007FFFA0111A52]
[1]  [0x00007FFFA0111A52]
[2]  [0x00007FFFA0111AD4]
[3]  [0x00007FFFA0253FF7]
[4]  [0x00007FFFA0139128]
[5]  [0x00007FFFA03EDFB9]
[6]  [0x00007FFFA05BEF23]
[7]  [0x00007FFFA04CB06B]
[8]  [0x00007FFFA04C08AF]
[9]  [0x00007FFFA04C0A32]
[10] (RtlActivateActivationContextUnsafeFast+0x12f) [0x00007FF873918B5F]
[11] (LdrShutdownProcess+0x176) [0x00007FF873941566]
[12] (RtlExitUserProcess+0xad) [0x00007FF87394115D]
[13] (ExitProcess+0xb) [0x00007FF872D37FAB]
[14] (exit+0x8d) [0x00007FF87375D7BD]
[15] (initterm_e+0x25b) [0x00007FF87375DE3B]
[16]  [0x00000000004014CD]
[17]  [0x000000000040151B]
[18] (BaseThreadInitThunk+0x1d) [0x00007FF872D3257D]
[19] (RtlUserThreadStart+0x28) [0x00007FF87394AF08]
Done
