Exception at PC 0x00007FFA5157BB93
Printing stacktrace...

Unable to capture context for thread 14532 in process 20572, can not generate back trace
Unable to capture context for thread 13404 in process 20572, can not generate back trace
Exception at PC 0x00007FFA96195B0C
Exception at PC 0x00007FFA96195B0C
Exception at PC 0x00007FFA96195B0C
Exception at PC 0x00007FFA96195B0C
Exception at PC 0x00007FFA96195B0C
Exception at PC 0x00007FFA96195B0C
Exception at PC 0x00007FFA96195B0C
Exception at PC 0x00007FFA96195B0C
[0]  [0x00007FFA5157BB93]
[1]  [0x00007FFA5157BB93]
[2]  [0x00007FFA5157B4A1]
[3]  [0x00007FFA5157B459]
[4]  [0x00007FFA515619FE]
[5]  [0x00007FFA51560ED1]
[6]  [0x00007FFA51560D76]
[7]  [0x00007FFA515079F6]
[8]  [0x00007FFA514F7AFB]
[9]  [0x00007FFA5161E90A]
[10]  [0x00007FFA51639F87]
[11]  [0x00007FFA5163A05F]
[12] (BaseThreadInitThunk+0x1d) [0x00007FFA968B257D]
[13] (RtlUserThreadStart+0x28) [0x00007FFA98BAAA58]
Done
Exception at PC 0x00007FFA96195B0C
Exception at PC 0x00007FFA96195B0C
Exception at PC 0x00007FFA96195B0C
Exception at PC 0x00007FFA96195B0C
Exception at PC 0x00007FFA96195B0C
Exception at PC 0x00007FFA96195B0C
Exception at PC 0x00007FFA96195B0C
Exception at PC 0x00007FFA96195B0C
Exception at PC 0x00007FFA96195B0C
Exception at PC 0x00007FFA96195B0C
Exception at PC 0x00007FFA51281A52
Attemped to write at address 0x00007FFA164C9BA4
Printing stacktrace...

[0]  [0x00007FFA51281A52]
[1]  [0x00007FFA51281A52]
[2]  [0x00007FFA51281AD4]
[3]  [0x00007FFA513C3FF7]
[4]  [0x00007FFA512A9128]
[5]  [0x00007FFA5155DFB9]
[6]  [0x00007FFA5172EF23]
[7]  [0x00007FFA5163B06B]
[8]  [0x00007FFA516308AF]
[9]  [0x00007FFA51630A32]
[10] (RtlActivateActivationContextUnsafeFast+0x12f) [0x00007FFA98B7869F]
[11] (LdrShutdownProcess+0x176) [0x00007FFA98BA10A6]
[12] (RtlExitUserProcess+0xad) [0x00007FFA98BA0C9D]
[13] (ExitProcess+0xb) [0x00007FFA968B7FAB]
[14] (exit+0x8d) [0x00007FFA970DD7BD]
[15] (initterm_e+0x25b) [0x00007FFA970DDE3B]
[16]  [0x00000000004014CD]
[17]  [0x000000000040151B]
[18] (BaseThreadInitThunk+0x1d) [0x00007FFA968B257D]
[19] (RtlUserThreadStart+0x28) [0x00007FFA98BAAA58]
Done
