
*** Running vivado
    with args -log data_ram.vds -m64 -product Vivado -mode batch -messageDb vivado.pb -notrace -source data_ram.tcl


****** Vivado v2017.1 (64-bit)
  **** SW Build 1846317 on Fri Apr 14 18:55:03 MDT 2017
  **** IP Build 1846188 on Fri Apr 14 20:52:08 MDT 2017
    ** Copyright 1986-2017 Xilinx, Inc. All Rights Reserved.

source data_ram.tcl -notrace
Starting RTL Elaboration : Time (s): cpu = 00:00:02 ; elapsed = 00:00:05 . Memory (MB): peak = 322.320 ; gain = 82.473
INFO: [Synth 8-638] synthesizing module 'data_ram' [d:/vivado_project/8_pipeline_cpu/8_pipeline_cpu.srcs/sources_1/ip/data_ram/synth/data_ram.vhd:74]
INFO: [Synth 8-256] done synthesizing module 'data_ram' (9#1) [d:/vivado_project/8_pipeline_cpu/8_pipeline_cpu.srcs/sources_1/ip/data_ram/synth/data_ram.vhd:74]
Finished RTL Elaboration : Time (s): cpu = 00:00:24 ; elapsed = 00:00:50 . Memory (MB): peak = 528.750 ; gain = 288.902
Finished RTL Optimization Phase 1 : Time (s): cpu = 00:00:24 ; elapsed = 00:00:51 . Memory (MB): peak = 528.750 ; gain = 288.902
INFO: [Device 21-403] Loading part xc7a200tfbg676-2
Constraint Validation Runtime : Time (s): cpu = 00:00:00 ; elapsed = 00:00:00.280 . Memory (MB): peak = 631.672 ; gain = 0.000
Finished Constraint Validation : Time (s): cpu = 00:00:28 ; elapsed = 00:01:03 . Memory (MB): peak = 631.672 ; gain = 391.824
Finished Loading Part and Timing Information : Time (s): cpu = 00:00:28 ; elapsed = 00:01:03 . Memory (MB): peak = 631.672 ; gain = 391.824
Finished applying 'set_property' XDC Constraints : Time (s): cpu = 00:00:28 ; elapsed = 00:01:03 . Memory (MB): peak = 631.672 ; gain = 391.824
Finished RTL Optimization Phase 2 : Time (s): cpu = 00:00:28 ; elapsed = 00:01:03 . Memory (MB): peak = 631.672 ; gain = 391.824
Finished Cross Boundary and Area Optimization : Time (s): cpu = 00:00:28 ; elapsed = 00:01:04 . Memory (MB): peak = 631.672 ; gain = 391.824
Finished Applying XDC Timing Constraints : Time (s): cpu = 00:00:32 ; elapsed = 00:01:15 . Memory (MB): peak = 653.281 ; gain = 413.434
Finished Timing Optimization : Time (s): cpu = 00:00:32 ; elapsed = 00:01:15 . Memory (MB): peak = 654.281 ; gain = 414.434
Finished Technology Mapping : Time (s): cpu = 00:00:32 ; elapsed = 00:01:15 . Memory (MB): peak = 665.426 ; gain = 425.578
Finished IO Insertion : Time (s): cpu = 00:00:33 ; elapsed = 00:01:15 . Memory (MB): peak = 665.426 ; gain = 425.578
Finished Renaming Generated Instances : Time (s): cpu = 00:00:33 ; elapsed = 00:01:15 . Memory (MB): peak = 665.426 ; gain = 425.578
Finished Rebuilding User Hierarchy : Time (s): cpu = 00:00:33 ; elapsed = 00:01:15 . Memory (MB): peak = 665.426 ; gain = 425.578
Finished Renaming Generated Ports : Time (s): cpu = 00:00:33 ; elapsed = 00:01:15 . Memory (MB): peak = 665.426 ; gain = 425.578
Finished Handling Custom Attributes : Time (s): cpu = 00:00:33 ; elapsed = 00:01:15 . Memory (MB): peak = 665.426 ; gain = 425.578
Finished Renaming Generated Nets : Time (s): cpu = 00:00:33 ; elapsed = 00:01:15 . Memory (MB): peak = 665.426 ; gain = 425.578

Report Cell Usage: 
+------+---------+------+
|      |Cell     |Count |
+------+---------+------+
|1     |RAMB36E1 |     1|
+------+---------+------+
Finished Writing Synthesis Report : Time (s): cpu = 00:00:33 ; elapsed = 00:01:15 . Memory (MB): peak = 665.426 ; gain = 425.578
synth_design: Time (s): cpu = 00:00:33 ; elapsed = 00:01:17 . Memory (MB): peak = 681.645 ; gain = 444.379
