Copyright 1986-2017 Xilinx, Inc. All Rights Reserved.
-------------------------------------------------------------------------------------------------------------------------------------------------------------
| Tool Version     : Vivado v.2017.1 (win64) Build 1846317 Fri Apr 14 18:55:03 MDT 2017
| Date             : Thu Mar 28 14:07:19 2024
| Host             : HiddenLove running 64-bit major release  (build 9200)
| Command          : report_power -file adder_display_power_routed.rpt -pb adder_display_power_summary_routed.pb -rpx adder_display_power_routed.rpx
| Design           : adder_display
| Device           : xc7a200tfbv676-2
| Design State     : routed
| Grade            : commercial
| Process          : typical
| Characterization : Production
-------------------------------------------------------------------------------------------------------------------------------------------------------------

Power Report

Table of Contents
-----------------
1. Summary
1.1 On-Chip Components
1.2 Power Supply Summary
1.3 Confidence Level
2. Settings
2.1 Environment
2.2 Clock Constraints
3. Detailed Reports
3.1 By Hierarchy

1. Summary
----------

+--------------------------+----------------------------------+
| Total On-Chip Power (W)  | 49.000 (Junction temp exceeded!) |
| Dynamic (W)              | 47.675                           |
| Device Static (W)        | 1.326                            |
| Effective TJA (C/W)      | 1.9                              |
| Max Ambient (C)          | 0.0                              |
| Junction Temperature (C) | 116.6                            |
| Confidence Level         | Low                              |
| Setting File             | ---                              |
| Simulation Activity File | ---                              |
| Design Nets Matched      | NA                               |
+--------------------------+----------------------------------+


1.1 On-Chip Components
----------------------

+----------------+-----------+----------+-----------+-----------------+
| On-Chip        | Power (W) | Used     | Available | Utilization (%) |
+----------------+-----------+----------+-----------+-----------------+
| Slice Logic    |     1.239 |     1362 |       --- |             --- |
|   LUT as Logic |     1.096 |      677 |    133800 |            0.51 |
|   Register     |     0.069 |      447 |    267600 |            0.17 |
|   BUFG         |     0.052 |        2 |        32 |            6.25 |
|   CARRY4       |     0.014 |       23 |     33450 |            0.07 |
|   F7/F8 Muxes  |     0.008 |       40 |    133800 |            0.03 |
|   Others       |     0.000 |       16 |       --- |             --- |
| Signals        |     1.732 |     1026 |       --- |             --- |
| Block RAM      |     0.129 |        1 |       365 |            0.27 |
| I/O            |    44.576 |       32 |       400 |            8.00 |
| Static Power   |     1.326 |          |           |                 |
| Total          |    49.000 |          |           |                 |
+----------------+-----------+----------+-----------+-----------------+


1.2 Power Supply Summary
------------------------

+-----------+-------------+-----------+-------------+------------+
| Source    | Voltage (V) | Total (A) | Dynamic (A) | Static (A) |
+-----------+-------------+-----------+-------------+------------+
| Vccint    |       1.000 |     4.045 |       3.105 |      0.940 |
| Vccaux    |       1.800 |     1.798 |       1.633 |      0.165 |
| Vcco33    |       3.300 |    12.617 |      12.612 |      0.005 |
| Vcco25    |       2.500 |     0.000 |       0.000 |      0.000 |
| Vcco18    |       1.800 |     0.000 |       0.000 |      0.000 |
| Vcco15    |       1.500 |     0.000 |       0.000 |      0.000 |
| Vcco135   |       1.350 |     0.000 |       0.000 |      0.000 |
| Vcco12    |       1.200 |     0.000 |       0.000 |      0.000 |
| Vccaux_io |       1.800 |     0.000 |       0.000 |      0.000 |
| Vccbram   |       1.000 |     0.047 |       0.010 |      0.037 |
| MGTAVcc   |       1.000 |     0.000 |       0.000 |      0.000 |
| MGTAVtt   |       1.200 |     0.000 |       0.000 |      0.000 |
| Vccadc    |       1.800 |     0.020 |       0.000 |      0.020 |
+-----------+-------------+-----------+-------------+------------+


1.3 Confidence Level
--------------------

+-----------------------------+------------+--------------------------------------------------------+--------------------------------------------------------------------------------------------------------------------+
| User Input Data             | Confidence | Details                                                | Action                                                                                                             |
+-----------------------------+------------+--------------------------------------------------------+--------------------------------------------------------------------------------------------------------------------+
| Design implementation state | High       | Design is routed                                       |                                                                                                                    |
| Clock nodes activity        | Low        | User specified less than 75% of clocks                 | Provide missing clock activity with a constraint file, simulation results or by editing the "By Clock Domain" view |
| I/O nodes activity          | Low        | More than 75% of inputs are missing user specification | Provide missing input activity with simulation results or by editing the "By Resource Type -> I/Os" view           |
| Internal nodes activity     | Medium     | User specified less than 25% of internal nodes         | Provide missing internal nodes activity with simulation results or by editing the "By Resource Type" views         |
| Device models               | High       | Device models are Production                           |                                                                                                                    |
|                             |            |                                                        |                                                                                                                    |
| Overall confidence level    | Low        |                                                        |                                                                                                                    |
+-----------------------------+------------+--------------------------------------------------------+--------------------------------------------------------------------------------------------------------------------+


2. Settings
-----------

2.1 Environment
---------------

+-----------------------+--------------------------+
| Ambient Temp (C)      | 25.0                     |
| ThetaJA (C/W)         | 1.9                      |
| Airflow (LFM)         | 250                      |
| Heat Sink             | medium (Medium Profile)  |
| ThetaSA (C/W)         | 3.4                      |
| Board Selection       | medium (10"x10")         |
| # of Board Layers     | 12to15 (12 to 15 Layers) |
| Board Temperature (C) | 25.0                     |
+-----------------------+--------------------------+


2.2 Clock Constraints
---------------------

+-------+--------+-----------------+
| Clock | Domain | Constraint (ns) |
+-------+--------+-----------------+


3. Detailed Reports
-------------------

3.1 By Hierarchy
----------------

+-----------------------------------------+-----------+
| Name                                    | Power (W) |
+-----------------------------------------+-----------+
| adder_display                           |    47.675 |
|   adder_module                          |     0.003 |
|   lcd_module                            |    47.441 |
|     lcd_draw_module                     |     0.906 |
|     lcd_init_module                     |     0.616 |
|     lcd_rom_module                      |     0.454 |
|       U0                                |     0.454 |
|         inst_blk_mem_gen                |     0.454 |
|           gnativebmg.native_blk_mem_gen |     0.454 |
|             valid.cstr                  |     0.454 |
|               ramloop[0].ram.r          |     0.454 |
|                 prim_init.ram           |     0.454 |
|     touch_module                        |     0.291 |
|       int_io                            |     0.000 |
|       sda_io                            |     0.036 |
+-----------------------------------------+-----------+


