
*** Running vivado
    with args -log inst_rom.vds -m64 -product Vivado -mode batch -messageDb vivado.pb -notrace -source inst_rom.tcl


****** Vivado v2017.1 (64-bit)
  **** SW Build 1846317 on Fri Apr 14 18:55:03 MDT 2017
  **** IP Build 1846188 on Fri Apr 14 20:52:08 MDT 2017
    ** Copyright 1986-2017 Xilinx, Inc. All Rights Reserved.

source inst_rom.tcl -notrace
Starting RTL Elaboration : Time (s): cpu = 00:00:02 ; elapsed = 00:00:05 . Memory (MB): peak = 322.621 ; gain = 84.113
INFO: [Synth 8-638] synthesizing module 'inst_rom' [d:/vivado_project/8_pipeline_cpu/8_pipeline_cpu.srcs/sources_1/ip/inst_rom/synth/inst_rom.vhd:67]
INFO: [Synth 8-256] done synthesizing module 'inst_rom' (9#1) [d:/vivado_project/8_pipeline_cpu/8_pipeline_cpu.srcs/sources_1/ip/inst_rom/synth/inst_rom.vhd:67]
Finished RTL Elaboration : Time (s): cpu = 00:00:25 ; elapsed = 00:00:45 . Memory (MB): peak = 528.590 ; gain = 290.082
Finished RTL Optimization Phase 1 : Time (s): cpu = 00:00:25 ; elapsed = 00:00:45 . Memory (MB): peak = 528.590 ; gain = 290.082
INFO: [Device 21-403] Loading part xc7a200tfbg676-2
Constraint Validation Runtime : Time (s): cpu = 00:00:00 ; elapsed = 00:00:00.010 . Memory (MB): peak = 631.598 ; gain = 0.000
Finished Constraint Validation : Time (s): cpu = 00:00:30 ; elapsed = 00:00:55 . Memory (MB): peak = 631.598 ; gain = 393.090
Finished Loading Part and Timing Information : Time (s): cpu = 00:00:30 ; elapsed = 00:00:55 . Memory (MB): peak = 631.598 ; gain = 393.090
Finished applying 'set_property' XDC Constraints : Time (s): cpu = 00:00:30 ; elapsed = 00:00:55 . Memory (MB): peak = 631.598 ; gain = 393.090
Finished RTL Optimization Phase 2 : Time (s): cpu = 00:00:30 ; elapsed = 00:00:55 . Memory (MB): peak = 631.598 ; gain = 393.090
Finished Cross Boundary and Area Optimization : Time (s): cpu = 00:00:30 ; elapsed = 00:00:55 . Memory (MB): peak = 631.598 ; gain = 393.090
Finished Applying XDC Timing Constraints : Time (s): cpu = 00:00:35 ; elapsed = 00:01:04 . Memory (MB): peak = 651.141 ; gain = 412.633
Finished Timing Optimization : Time (s): cpu = 00:00:35 ; elapsed = 00:01:04 . Memory (MB): peak = 651.141 ; gain = 412.633
Finished Technology Mapping : Time (s): cpu = 00:00:35 ; elapsed = 00:01:04 . Memory (MB): peak = 662.285 ; gain = 423.777
Finished IO Insertion : Time (s): cpu = 00:00:35 ; elapsed = 00:01:04 . Memory (MB): peak = 662.285 ; gain = 423.777
Finished Renaming Generated Instances : Time (s): cpu = 00:00:35 ; elapsed = 00:01:04 . Memory (MB): peak = 662.285 ; gain = 423.777
Finished Rebuilding User Hierarchy : Time (s): cpu = 00:00:35 ; elapsed = 00:01:04 . Memory (MB): peak = 662.285 ; gain = 423.777
Finished Renaming Generated Ports : Time (s): cpu = 00:00:35 ; elapsed = 00:01:04 . Memory (MB): peak = 662.285 ; gain = 423.777
Finished Handling Custom Attributes : Time (s): cpu = 00:00:35 ; elapsed = 00:01:04 . Memory (MB): peak = 662.285 ; gain = 423.777
Finished Renaming Generated Nets : Time (s): cpu = 00:00:35 ; elapsed = 00:01:04 . Memory (MB): peak = 662.285 ; gain = 423.777

Report Cell Usage: 
+------+---------+------+
|      |Cell     |Count |
+------+---------+------+
|1     |RAMB18E1 |     1|
+------+---------+------+
Finished Writing Synthesis Report : Time (s): cpu = 00:00:35 ; elapsed = 00:01:04 . Memory (MB): peak = 662.285 ; gain = 423.777
synth_design: Time (s): cpu = 00:00:36 ; elapsed = 00:01:06 . Memory (MB): peak = 679.508 ; gain = 443.004
